This file contains any messages produced by compilers while
running configure, to aid debugging if configure makes a mistake.

It was created by FULL-PACKAGE-NAME configure VERSION, which was
generated by GNU Autoconf 2.59.  Invocation command line was

  $ ./configure 

## --------- ##
## Platform. ##
## --------- ##

hostname = titan-ext2
uname -m = x86_64
uname -r = 3.0.101-0.47.102-default
uname -s = Linux
uname -v = #1 SMP Tue Jun 6 10:51:55 UTC 2017 (ca3a20f)

/usr/bin/uname -p = unknown
/bin/uname -X     = unknown

/bin/arch              = x86_64
/usr/bin/arch -k       = unknown
/usr/convex/getsysinfo = unknown
hostinfo               = unknown
/bin/machine           = unknown
/usr/bin/oslevel       = unknown
/bin/universe          = unknown

PATH: /opt/cray/rca/1.0.0-2.0502.60530.1.63.gem/bin
PATH: /opt/cray/alps/5.2.4-2.0502.9774.31.12.gem/sbin
PATH: /opt/cray/dvs/2.5_0.9.0-1.0502.2188.1.113.gem/bin
PATH: /opt/cray/xpmem/0.1-2.0502.64982.5.3.gem/bin
PATH: /opt/cray/ugni/6.0-1.0502.10863.8.28.gem/bin
PATH: /opt/cray/udreg/2.3.2-1.0502.10518.2.17.gem/bin
PATH: /opt/gcc/4.9.3/bin
PATH: /opt/nvidia/cudatoolkit7.5/7.5.18-1.0502.10743.2.1/bin
PATH: /opt/nvidia/cudatoolkit7.5/7.5.18-1.0502.10743.2.1/libnvvp
PATH: /sw/xk6/bin
PATH: /sw/xk6/hsi/5.0.2.p1/sles11.5/bin
PATH: /sw/xk6/xalt/0.7.5/bin
PATH: /sw/xk6/lustredu/1.4/sles11.3_gnu4.8.2/bin
PATH: /opt/cray/mpt/7.5.2/gni/bin
PATH: /opt/cray/craype/2.5.9/bin
PATH: /opt/cray/eslogin/eswrap/1.3.3-1.020200.1278.0/bin
PATH: /usr/local/bin
PATH: /usr/bin
PATH: /bin
PATH: /usr/bin/X11
PATH: /usr/X11R6/bin
PATH: /usr/games
PATH: /opt/bin
PATH: /usr/lib/mit/bin
PATH: /usr/lib/mit/sbin
PATH: /sbin
PATH: /usr/sbin
PATH: /usr/lib/qt3/bin
PATH: /opt/cray/bin
PATH: /opt/bin
PATH: /opt/public/bin
PATH: /opt/bin
PATH: /opt/public/bin
PATH: /opt/bin
PATH: /opt/public/bin
PATH: /opt/bin
PATH: /opt/public/bin


## ----------- ##
## Core tests. ##
## ----------- ##

configure:1373: checking for g++
configure:1389: found /opt/gcc/4.9.3/bin/g++
configure:1399: result: g++
configure:1415: checking for C++ compiler version
configure:1418: g++ --version </dev/null >&5
g++ (GCC) 4.9.3 20150626 (Cray Inc.)
Copyright (C) 2015 Free Software Foundation, Inc.
This is free software; see the source for copying conditions.  There is NO
warranty; not even for MERCHANTABILITY or FITNESS FOR A PARTICULAR PURPOSE.

configure:1421: $? = 0
configure:1423: g++ -v </dev/null >&5
Using built-in specs.
COLLECT_GCC=/opt/gcc/4.9.3/bin/../snos/bin/g++
COLLECT_LTO_WRAPPER=/opt/gcc/4.9.3/snos/libexec/gcc/x86_64-suse-linux/4.9.3/lto-wrapper
Target: x86_64-suse-linux
Configured with: ../cray-gcc-4.9.3/configure --prefix=/opt/gcc/4.9.3/snos --disable-nls --libdir=/opt/gcc/4.9.3/snos/lib --enable-languages=c,c++,fortran --with-gxx-include-dir=/opt/gcc/4.9.3/snos/include/g++ --with-slibdir=/opt/gcc/4.9.3/snos/lib --with-system-zlib --enable-shared --enable-__cxa_atexit --build=x86_64-suse-linux --with-ppl --with-cloog
Thread model: posix
gcc version 4.9.3 20150626 (Cray Inc.) (GCC) 
configure:1426: $? = 0
configure:1428: g++ -V </dev/null >&5
g++: error: unrecognized command line option '-V'
g++: fatal error: no input files
compilation terminated.
configure:1431: $? = 1
configure:1454: checking for C++ compiler default output file name
configure:1457: g++    conftest.cc  >&5
configure:1460: $? = 0
configure:1506: result: a.out
configure:1511: checking whether the C++ compiler works
configure:1517: ./a.out
configure:1520: $? = 0
configure:1537: result: yes
configure:1544: checking whether we are cross compiling
configure:1546: result: no
configure:1549: checking for suffix of executables
configure:1551: g++ -o conftest    conftest.cc  >&5
configure:1554: $? = 0
configure:1579: result: 
configure:1585: checking for suffix of object files
configure:1606: g++ -c   conftest.cc >&5
configure:1609: $? = 0
configure:1631: result: o
configure:1635: checking whether we are using the GNU C++ compiler
configure:1659: g++ -c   conftest.cc >&5
configure:1665: $? = 0
configure:1669: test -z 
			 || test ! -s conftest.err
configure:1672: $? = 0
configure:1675: test -s conftest.o
configure:1678: $? = 0
configure:1691: result: yes
configure:1697: checking whether g++ accepts -g
configure:1718: g++ -c -g  conftest.cc >&5
configure:1724: $? = 0
configure:1728: test -z 
			 || test ! -s conftest.err
configure:1731: $? = 0
configure:1734: test -s conftest.o
configure:1737: $? = 0
configure:1748: result: yes
configure:1790: g++ -c -g -O2  conftest.cc >&5
configure:1796: $? = 0
configure:1800: test -z 
			 || test ! -s conftest.err
configure:1803: $? = 0
configure:1806: test -s conftest.o
configure:1809: $? = 0
configure:1835: g++ -c -g -O2  conftest.cc >&5
conftest.cc: In function 'int main()':
conftest.cc:13:9: error: 'exit' was not declared in this scope
 exit (42);
         ^
configure:1841: $? = 1
configure: failed program was:
| /* confdefs.h.  */
| 
| #define PACKAGE_NAME "FULL-PACKAGE-NAME"
| #define PACKAGE_TARNAME "full-package-name"
| #define PACKAGE_VERSION "VERSION"
| #define PACKAGE_STRING "FULL-PACKAGE-NAME VERSION"
| #define PACKAGE_BUGREPORT "BUG-REPORT-ADDRESS"
| /* end confdefs.h.  */
| 
| int
| main ()
| {
| exit (42);
|   ;
|   return 0;
| }
configure:1790: g++ -c -g -O2  conftest.cc >&5
conftest.cc:9:40: error: 'void std::exit(int)' should have been declared inside 'std'
 extern "C" void std::exit (int) throw (); using std::exit;
                                        ^
configure:1796: $? = 1
configure: failed program was:
| /* confdefs.h.  */
| 
| #define PACKAGE_NAME "FULL-PACKAGE-NAME"
| #define PACKAGE_TARNAME "full-package-name"
| #define PACKAGE_VERSION "VERSION"
| #define PACKAGE_STRING "FULL-PACKAGE-NAME VERSION"
| #define PACKAGE_BUGREPORT "BUG-REPORT-ADDRESS"
| /* end confdefs.h.  */
| extern "C" void std::exit (int) throw (); using std::exit;
| #include <stdlib.h>
| int
| main ()
| {
| exit (42);
|   ;
|   return 0;
| }
configure:1790: g++ -c -g -O2  conftest.cc >&5
conftest.cc:9:31: error: 'void std::exit(int)' should have been declared inside 'std'
 extern "C" void std::exit (int); using std::exit;
                               ^
In file included from conftest.cc:10:0:
/usr/include/stdlib.h:543:70: error: declaration of 'void std::exit(int) throw ()' has a different exception specifier
 extern void exit (int __status) __THROW __attribute__ ((__noreturn__));
                                                                      ^
conftest.cc:9:17: error: from previous declaration 'void std::exit(int)'
 extern "C" void std::exit (int); using std::exit;
                 ^
configure:1796: $? = 1
configure: failed program was:
| /* confdefs.h.  */
| 
| #define PACKAGE_NAME "FULL-PACKAGE-NAME"
| #define PACKAGE_TARNAME "full-package-name"
| #define PACKAGE_VERSION "VERSION"
| #define PACKAGE_STRING "FULL-PACKAGE-NAME VERSION"
| #define PACKAGE_BUGREPORT "BUG-REPORT-ADDRESS"
| /* end confdefs.h.  */
| extern "C" void std::exit (int); using std::exit;
| #include <stdlib.h>
| int
| main ()
| {
| exit (42);
|   ;
|   return 0;
| }
configure:1790: g++ -c -g -O2  conftest.cc >&5
configure:1796: $? = 0
configure:1800: test -z 
			 || test ! -s conftest.err
configure:1803: $? = 0
configure:1806: test -s conftest.o
configure:1809: $? = 0
configure:1835: g++ -c -g -O2  conftest.cc >&5
configure:1841: $? = 0
configure:1845: test -z 
			 || test ! -s conftest.err
configure:1848: $? = 0
configure:1851: test -s conftest.o
configure:1854: $? = 0
configure:1918: checking for ar
configure:1934: found /usr/bin/ar
configure:1944: result: ar
configure:2004: checking for gcc
configure:2020: found /opt/gcc/4.9.3/bin/gcc
configure:2030: result: gcc
configure:2274: checking for C compiler version
configure:2277: gcc --version </dev/null >&5
gcc (GCC) 4.9.3 20150626 (Cray Inc.)
Copyright (C) 2015 Free Software Foundation, Inc.
This is free software; see the source for copying conditions.  There is NO
warranty; not even for MERCHANTABILITY or FITNESS FOR A PARTICULAR PURPOSE.

configure:2280: $? = 0
configure:2282: gcc -v </dev/null >&5
Using built-in specs.
COLLECT_GCC=/opt/gcc/4.9.3/bin/../snos/bin/gcc
COLLECT_LTO_WRAPPER=/opt/gcc/4.9.3/snos/libexec/gcc/x86_64-suse-linux/4.9.3/lto-wrapper
Target: x86_64-suse-linux
Configured with: ../cray-gcc-4.9.3/configure --prefix=/opt/gcc/4.9.3/snos --disable-nls --libdir=/opt/gcc/4.9.3/snos/lib --enable-languages=c,c++,fortran --with-gxx-include-dir=/opt/gcc/4.9.3/snos/include/g++ --with-slibdir=/opt/gcc/4.9.3/snos/lib --with-system-zlib --enable-shared --enable-__cxa_atexit --build=x86_64-suse-linux --with-ppl --with-cloog
Thread model: posix
gcc version 4.9.3 20150626 (Cray Inc.) (GCC) 
configure:2285: $? = 0
configure:2287: gcc -V </dev/null >&5
gcc: error: unrecognized command line option '-V'
gcc: fatal error: no input files
compilation terminated.
configure:2290: $? = 1
configure:2293: checking whether we are using the GNU C compiler
configure:2317: gcc -c   conftest.c >&5
configure:2323: $? = 0
configure:2327: test -z 
			 || test ! -s conftest.err
configure:2330: $? = 0
configure:2333: test -s conftest.o
configure:2336: $? = 0
configure:2349: result: yes
configure:2355: checking whether gcc accepts -g
configure:2376: gcc -c -g  conftest.c >&5
configure:2382: $? = 0
configure:2386: test -z 
			 || test ! -s conftest.err
configure:2389: $? = 0
configure:2392: test -s conftest.o
configure:2395: $? = 0
configure:2406: result: yes
configure:2423: checking for gcc option to accept ANSI C
configure:2493: gcc  -c -g -O2  conftest.c >&5
configure:2499: $? = 0
configure:2503: test -z 
			 || test ! -s conftest.err
configure:2506: $? = 0
configure:2509: test -s conftest.o
configure:2512: $? = 0
configure:2530: result: none needed
configure:2548: gcc -c -g -O2  conftest.c >&5
conftest.c:2:3: error: unknown type name 'choke'
   choke me
   ^
conftest.c:2:3: error: expected '=', ',', ';', 'asm' or '__attribute__' at end of input
configure:2554: $? = 1
configure: failed program was:
| #ifndef __cplusplus
|   choke me
| #endif
configure:2693: checking how to run the C preprocessor
configure:2728: gcc -E  conftest.c
configure:2734: $? = 0
configure:2766: gcc -E  conftest.c
conftest.c:12:28: fatal error: ac_nonexistent.h: No such file or directory
 #include <ac_nonexistent.h>
                            ^
compilation terminated.
configure:2772: $? = 1
configure: failed program was:
| /* confdefs.h.  */
| 
| #define PACKAGE_NAME "FULL-PACKAGE-NAME"
| #define PACKAGE_TARNAME "full-package-name"
| #define PACKAGE_VERSION "VERSION"
| #define PACKAGE_STRING "FULL-PACKAGE-NAME VERSION"
| #define PACKAGE_BUGREPORT "BUG-REPORT-ADDRESS"
| #ifdef __cplusplus
| extern "C" void exit (int) throw ();
| #endif
| /* end confdefs.h.  */
| #include <ac_nonexistent.h>
configure:2811: result: gcc -E
configure:2835: gcc -E  conftest.c
configure:2841: $? = 0
configure:2873: gcc -E  conftest.c
conftest.c:12:28: fatal error: ac_nonexistent.h: No such file or directory
 #include <ac_nonexistent.h>
                            ^
compilation terminated.
configure:2879: $? = 1
configure: failed program was:
| /* confdefs.h.  */
| 
| #define PACKAGE_NAME "FULL-PACKAGE-NAME"
| #define PACKAGE_TARNAME "full-package-name"
| #define PACKAGE_VERSION "VERSION"
| #define PACKAGE_STRING "FULL-PACKAGE-NAME VERSION"
| #define PACKAGE_BUGREPORT "BUG-REPORT-ADDRESS"
| #ifdef __cplusplus
| extern "C" void exit (int) throw ();
| #endif
| /* end confdefs.h.  */
| #include <ac_nonexistent.h>
configure:2923: checking for egrep
configure:2933: result: grep -E
configure:2938: checking for ANSI C header files
configure:2963: gcc -c -g -O2  conftest.c >&5
configure:2969: $? = 0
configure:2973: test -z 
			 || test ! -s conftest.err
configure:2976: $? = 0
configure:2979: test -s conftest.o
configure:2982: $? = 0
configure:3071: gcc -o conftest -g -O2   conftest.c  >&5
conftest.c: In function 'main':
conftest.c:29:7: warning: incompatible implicit declaration of built-in function 'exit'
       exit(2);
       ^
configure:3074: $? = 0
configure:3076: ./conftest
configure:3079: $? = 0
configure:3094: result: yes
configure:3118: checking for sys/types.h
configure:3134: gcc -c -g -O2  conftest.c >&5
configure:3140: $? = 0
configure:3144: test -z 
			 || test ! -s conftest.err
configure:3147: $? = 0
configure:3150: test -s conftest.o
configure:3153: $? = 0
configure:3164: result: yes
configure:3118: checking for sys/stat.h
configure:3134: gcc -c -g -O2  conftest.c >&5
configure:3140: $? = 0
configure:3144: test -z 
			 || test ! -s conftest.err
configure:3147: $? = 0
configure:3150: test -s conftest.o
configure:3153: $? = 0
configure:3164: result: yes
configure:3118: checking for stdlib.h
configure:3134: gcc -c -g -O2  conftest.c >&5
configure:3140: $? = 0
configure:3144: test -z 
			 || test ! -s conftest.err
configure:3147: $? = 0
configure:3150: test -s conftest.o
configure:3153: $? = 0
configure:3164: result: yes
configure:3118: checking for string.h
configure:3134: gcc -c -g -O2  conftest.c >&5
configure:3140: $? = 0
configure:3144: test -z 
			 || test ! -s conftest.err
configure:3147: $? = 0
configure:3150: test -s conftest.o
configure:3153: $? = 0
configure:3164: result: yes
configure:3118: checking for memory.h
configure:3134: gcc -c -g -O2  conftest.c >&5
configure:3140: $? = 0
configure:3144: test -z 
			 || test ! -s conftest.err
configure:3147: $? = 0
configure:3150: test -s conftest.o
configure:3153: $? = 0
configure:3164: result: yes
configure:3118: checking for strings.h
configure:3134: gcc -c -g -O2  conftest.c >&5
configure:3140: $? = 0
configure:3144: test -z 
			 || test ! -s conftest.err
configure:3147: $? = 0
configure:3150: test -s conftest.o
configure:3153: $? = 0
configure:3164: result: yes
configure:3118: checking for inttypes.h
configure:3134: gcc -c -g -O2  conftest.c >&5
configure:3140: $? = 0
configure:3144: test -z 
			 || test ! -s conftest.err
configure:3147: $? = 0
configure:3150: test -s conftest.o
configure:3153: $? = 0
configure:3164: result: yes
configure:3118: checking for stdint.h
configure:3134: gcc -c -g -O2  conftest.c >&5
configure:3140: $? = 0
configure:3144: test -z 
			 || test ! -s conftest.err
configure:3147: $? = 0
configure:3150: test -s conftest.o
configure:3153: $? = 0
configure:3164: result: yes
configure:3118: checking for unistd.h
configure:3134: gcc -c -g -O2  conftest.c >&5
configure:3140: $? = 0
configure:3144: test -z 
			 || test ! -s conftest.err
configure:3147: $? = 0
configure:3150: test -s conftest.o
configure:3153: $? = 0
configure:3164: result: yes
configure:3184: checking for stdint.h
configure:3189: result: yes
configure:3193: checking endian.h usability
configure:3205: gcc -c -g -O2  conftest.c >&5
configure:3211: $? = 0
configure:3215: test -z 
			 || test ! -s conftest.err
configure:3218: $? = 0
configure:3221: test -s conftest.o
configure:3224: $? = 0
configure:3234: result: yes
configure:3238: checking endian.h presence
configure:3248: gcc -E  conftest.c
configure:3254: $? = 0
configure:3274: result: yes
configure:3309: checking for endian.h
configure:3316: result: yes
configure:3193: checking machine/endian.h usability
configure:3205: gcc -c -g -O2  conftest.c >&5
conftest.c:58:28: fatal error: machine/endian.h: No such file or directory
 #include <machine/endian.h>
                            ^
compilation terminated.
configure:3211: $? = 1
configure: failed program was:
| /* confdefs.h.  */
| 
| #define PACKAGE_NAME "FULL-PACKAGE-NAME"
| #define PACKAGE_TARNAME "full-package-name"
| #define PACKAGE_VERSION "VERSION"
| #define PACKAGE_STRING "FULL-PACKAGE-NAME VERSION"
| #define PACKAGE_BUGREPORT "BUG-REPORT-ADDRESS"
| #ifdef __cplusplus
| extern "C" void exit (int) throw ();
| #endif
| #define STDC_HEADERS 1
| #define HAVE_SYS_TYPES_H 1
| #define HAVE_SYS_STAT_H 1
| #define HAVE_STDLIB_H 1
| #define HAVE_STRING_H 1
| #define HAVE_MEMORY_H 1
| #define HAVE_STRINGS_H 1
| #define HAVE_INTTYPES_H 1
| #define HAVE_STDINT_H 1
| #define HAVE_UNISTD_H 1
| #define HAVE_STDINT_H 1
| #define HAVE_ENDIAN_H 1
| /* end confdefs.h.  */
| #include <stdio.h>
| #if HAVE_SYS_TYPES_H
| # include <sys/types.h>
| #endif
| #if HAVE_SYS_STAT_H
| # include <sys/stat.h>
| #endif
| #if STDC_HEADERS
| # include <stdlib.h>
| # include <stddef.h>
| #else
| # if HAVE_STDLIB_H
| #  include <stdlib.h>
| # endif
| #endif
| #if HAVE_STRING_H
| # if !STDC_HEADERS && HAVE_MEMORY_H
| #  include <memory.h>
| # endif
| # include <string.h>
| #endif
| #if HAVE_STRINGS_H
| # include <strings.h>
| #endif
| #if HAVE_INTTYPES_H
| # include <inttypes.h>
| #else
| # if HAVE_STDINT_H
| #  include <stdint.h>
| # endif
| #endif
| #if HAVE_UNISTD_H
| # include <unistd.h>
| #endif
| #include <machine/endian.h>
configure:3234: result: no
configure:3238: checking machine/endian.h presence
configure:3248: gcc -E  conftest.c
conftest.c:24:28: fatal error: machine/endian.h: No such file or directory
 #include <machine/endian.h>
                            ^
compilation terminated.
configure:3254: $? = 1
configure: failed program was:
| /* confdefs.h.  */
| 
| #define PACKAGE_NAME "FULL-PACKAGE-NAME"
| #define PACKAGE_TARNAME "full-package-name"
| #define PACKAGE_VERSION "VERSION"
| #define PACKAGE_STRING "FULL-PACKAGE-NAME VERSION"
| #define PACKAGE_BUGREPORT "BUG-REPORT-ADDRESS"
| #ifdef __cplusplus
| extern "C" void exit (int) throw ();
| #endif
| #define STDC_HEADERS 1
| #define HAVE_SYS_TYPES_H 1
| #define HAVE_SYS_STAT_H 1
| #define HAVE_STDLIB_H 1
| #define HAVE_STRING_H 1
| #define HAVE_MEMORY_H 1
| #define HAVE_STRINGS_H 1
| #define HAVE_INTTYPES_H 1
| #define HAVE_STDINT_H 1
| #define HAVE_UNISTD_H 1
| #define HAVE_STDINT_H 1
| #define HAVE_ENDIAN_H 1
| /* end confdefs.h.  */
| #include <machine/endian.h>
configure:3274: result: no
configure:3309: checking for machine/endian.h
configure:3316: result: no
configure:3193: checking sys/bitypes.h usability
configure:3205: gcc -c -g -O2  conftest.c >&5
configure:3211: $? = 0
configure:3215: test -z 
			 || test ! -s conftest.err
configure:3218: $? = 0
configure:3221: test -s conftest.o
configure:3224: $? = 0
configure:3234: result: yes
configure:3238: checking sys/bitypes.h presence
configure:3248: gcc -E  conftest.c
configure:3254: $? = 0
configure:3274: result: yes
configure:3309: checking for sys/bitypes.h
configure:3316: result: yes
configure:3331: checking for stdbool.h that conforms to C99
configure:3384: gcc -c -g -O2  conftest.c >&5
conftest.c:51:2: warning: variably modified 'd' at file scope
  char d[(bool) -0.5 == true ? 1 : -1];
  ^
conftest.c:53:2: warning: variably modified 'f' at file scope
  char f[(_Bool) -0.0 == false ? 1 : -1];
  ^
configure:3390: $? = 0
configure:3394: test -z 
			 || test ! -s conftest.err
configure:3397: $? = 0
configure:3400: test -s conftest.o
configure:3403: $? = 0
configure:3414: result: yes
configure:3416: checking for _Bool
configure:3440: gcc -c -g -O2  conftest.c >&5
configure:3446: $? = 0
configure:3450: test -z 
			 || test ! -s conftest.err
configure:3453: $? = 0
configure:3456: test -s conftest.o
configure:3459: $? = 0
configure:3470: result: yes
configure:3489: checking for an ANSI C-conforming const
configure:3556: gcc -c -g -O2  conftest.c >&5
configure:3562: $? = 0
configure:3566: test -z 
			 || test ! -s conftest.err
configure:3569: $? = 0
configure:3572: test -s conftest.o
configure:3575: $? = 0
configure:3586: result: yes
configure:3596: checking for inline
configure:3617: gcc -c -g -O2  conftest.c >&5
configure:3623: $? = 0
configure:3627: test -z 
			 || test ! -s conftest.err
configure:3630: $? = 0
configure:3633: test -s conftest.o
configure:3636: $? = 0
configure:3648: result: inline
configure:3667: checking for size_t
configure:3691: gcc -c -g -O2  conftest.c >&5
configure:3697: $? = 0
configure:3701: test -z 
			 || test ! -s conftest.err
configure:3704: $? = 0
configure:3707: test -s conftest.o
configure:3710: $? = 0
configure:3721: result: yes
configure:3733: checking for u_quad_t
configure:3757: gcc -c -g -O2  conftest.c >&5
configure:3763: $? = 0
configure:3767: test -z 
			 || test ! -s conftest.err
configure:3770: $? = 0
configure:3773: test -s conftest.o
configure:3776: $? = 0
configure:3787: result: yes
configure:3797: checking for u_int64_t
configure:3821: gcc -c -g -O2  conftest.c >&5
configure:3827: $? = 0
configure:3831: test -z 
			 || test ! -s conftest.err
configure:3834: $? = 0
configure:3837: test -s conftest.o
configure:3840: $? = 0
configure:3851: result: yes
configure:3864: checking for ANSI C header files
configure:4020: result: yes
configure:4037: checking for floor
configure:4094: gcc -o conftest -g -O2   conftest.c  >&5
conftest.c:54:6: warning: conflicting types for built-in function 'floor'
 char floor ();
      ^
/tmp/ccnZTISj.o:(.data+0x0): undefined reference to `floor'
/tmp/ccnZTISj.o: In function `main':
/ccs/home/jchoi/work/paratreet/utility/structures/conftest.c:70: undefined reference to `floor'
/usr/bin/ld: link errors found, deleting executable `conftest'
/usr/bin/sha1sum: conftest: No such file or directory
collect2: error: ld returned 1 exit status
configure:4100: $? = 1
configure: failed program was:
| /* confdefs.h.  */
| 
| #define PACKAGE_NAME "FULL-PACKAGE-NAME"
| #define PACKAGE_TARNAME "full-package-name"
| #define PACKAGE_VERSION "VERSION"
| #define PACKAGE_STRING "FULL-PACKAGE-NAME VERSION"
| #define PACKAGE_BUGREPORT "BUG-REPORT-ADDRESS"
| #ifdef __cplusplus
| extern "C" void exit (int) throw ();
| #endif
| #define STDC_HEADERS 1
| #define HAVE_SYS_TYPES_H 1
| #define HAVE_SYS_STAT_H 1
| #define HAVE_STDLIB_H 1
| #define HAVE_STRING_H 1
| #define HAVE_MEMORY_H 1
| #define HAVE_STRINGS_H 1
| #define HAVE_INTTYPES_H 1
| #define HAVE_STDINT_H 1
| #define HAVE_UNISTD_H 1
| #define HAVE_STDINT_H 1
| #define HAVE_ENDIAN_H 1
| #define HAVE_SYS_BITYPES_H 1
| #define HAVE__BOOL 1
| #define HAVE_STDBOOL_H 1
| #define HAVE_U_QUAD_T 1
| #define HAVE_U_INT64_T 1
| #define STDC_HEADERS 1
| /* end confdefs.h.  */
| /* Define floor to an innocuous variant, in case <limits.h> declares floor.
|    For example, HP-UX 11i <limits.h> declares gettimeofday.  */
| #define floor innocuous_floor
| 
| /* System header to define __stub macros and hopefully few prototypes,
|     which can conflict with char floor (); below.
|     Prefer <limits.h> to <assert.h> if __STDC__ is defined, since
|     <limits.h> exists even on freestanding compilers.  */
| 
| #ifdef __STDC__
| # include <limits.h>
| #else
| # include <assert.h>
| #endif
| 
| #undef floor
| 
| /* Override any gcc2 internal prototype to avoid an error.  */
| #ifdef __cplusplus
| extern "C"
| {
| #endif
| /* We use char because int might match the return type of a gcc2
|    builtin and then its argument prototype would still apply.  */
| char floor ();
| /* The GNU C library defines this for functions which it implements
|     to always fail with ENOSYS.  Some functions are actually named
|     something starting with __ and the normal name is an alias.  */
| #if defined (__stub_floor) || defined (__stub___floor)
| choke me
| #else
| char (*f) () = floor;
| #endif
| #ifdef __cplusplus
| }
| #endif
| 
| int
| main ()
| {
| return f != floor;
|   ;
|   return 0;
| }
configure:4125: result: no
configure:4037: checking for memset
configure:4094: gcc -o conftest -g -O2   conftest.c  >&5
conftest.c:54:6: warning: conflicting types for built-in function 'memset'
 char memset ();
      ^
configure:4100: $? = 0
configure:4104: test -z 
			 || test ! -s conftest.err
configure:4107: $? = 0
configure:4110: test -s conftest
configure:4113: $? = 0
configure:4125: result: yes
configure:4037: checking for sqrt
configure:4094: gcc -o conftest -g -O2   conftest.c  >&5
conftest.c:55:6: warning: conflicting types for built-in function 'sqrt'
 char sqrt ();
      ^
/tmp/cc8902yx.o:(.data+0x0): undefined reference to `sqrt'
/tmp/cc8902yx.o: In function `main':
/ccs/home/jchoi/work/paratreet/utility/structures/conftest.c:71: undefined reference to `sqrt'
/usr/bin/ld: link errors found, deleting executable `conftest'
/usr/bin/sha1sum: conftest: No such file or directory
collect2: error: ld returned 1 exit status
configure:4100: $? = 1
configure: failed program was:
| /* confdefs.h.  */
| 
| #define PACKAGE_NAME "FULL-PACKAGE-NAME"
| #define PACKAGE_TARNAME "full-package-name"
| #define PACKAGE_VERSION "VERSION"
| #define PACKAGE_STRING "FULL-PACKAGE-NAME VERSION"
| #define PACKAGE_BUGREPORT "BUG-REPORT-ADDRESS"
| #ifdef __cplusplus
| extern "C" void exit (int) throw ();
| #endif
| #define STDC_HEADERS 1
| #define HAVE_SYS_TYPES_H 1
| #define HAVE_SYS_STAT_H 1
| #define HAVE_STDLIB_H 1
| #define HAVE_STRING_H 1
| #define HAVE_MEMORY_H 1
| #define HAVE_STRINGS_H 1
| #define HAVE_INTTYPES_H 1
| #define HAVE_STDINT_H 1
| #define HAVE_UNISTD_H 1
| #define HAVE_STDINT_H 1
| #define HAVE_ENDIAN_H 1
| #define HAVE_SYS_BITYPES_H 1
| #define HAVE__BOOL 1
| #define HAVE_STDBOOL_H 1
| #define HAVE_U_QUAD_T 1
| #define HAVE_U_INT64_T 1
| #define STDC_HEADERS 1
| #define HAVE_MEMSET 1
| /* end confdefs.h.  */
| /* Define sqrt to an innocuous variant, in case <limits.h> declares sqrt.
|    For example, HP-UX 11i <limits.h> declares gettimeofday.  */
| #define sqrt innocuous_sqrt
| 
| /* System header to define __stub macros and hopefully few prototypes,
|     which can conflict with char sqrt (); below.
|     Prefer <limits.h> to <assert.h> if __STDC__ is defined, since
|     <limits.h> exists even on freestanding compilers.  */
| 
| #ifdef __STDC__
| # include <limits.h>
| #else
| # include <assert.h>
| #endif
| 
| #undef sqrt
| 
| /* Override any gcc2 internal prototype to avoid an error.  */
| #ifdef __cplusplus
| extern "C"
| {
| #endif
| /* We use char because int might match the return type of a gcc2
|    builtin and then its argument prototype would still apply.  */
| char sqrt ();
| /* The GNU C library defines this for functions which it implements
|     to always fail with ENOSYS.  Some functions are actually named
|     something starting with __ and the normal name is an alias.  */
| #if defined (__stub_sqrt) || defined (__stub___sqrt)
| choke me
| #else
| char (*f) () = sqrt;
| #endif
| #ifdef __cplusplus
| }
| #endif
| 
| int
| main ()
| {
| return f != sqrt;
|   ;
|   return 0;
| }
configure:4125: result: no
configure:4037: checking for xdr_hyper
configure:4094: gcc -o conftest -g -O2   conftest.c  >&5
configure:4100: $? = 0
configure:4104: test -z 
			 || test ! -s conftest.err
configure:4107: $? = 0
configure:4110: test -s conftest
configure:4113: $? = 0
configure:4125: result: yes
configure:4251: creating ./config.status

## ---------------------- ##
## Running config.status. ##
## ---------------------- ##

This file was extended by FULL-PACKAGE-NAME config.status VERSION, which was
generated by GNU Autoconf 2.59.  Invocation command line was

  CONFIG_FILES    = 
  CONFIG_HEADERS  = 
  CONFIG_LINKS    = 
  CONFIG_COMMANDS = 
  $ ./config.status 

on titan-ext2

config.status:647: creating Makefile
config.status:750: creating config.h

## ---------------- ##
## Cache variables. ##
## ---------------- ##

ac_cv_c_compiler_gnu=yes
ac_cv_c_const=yes
ac_cv_c_inline=inline
ac_cv_cxx_compiler_gnu=yes
ac_cv_env_CC_set=
ac_cv_env_CC_value=
ac_cv_env_CFLAGS_set=
ac_cv_env_CFLAGS_value=
ac_cv_env_CPPFLAGS_set=
ac_cv_env_CPPFLAGS_value=
ac_cv_env_CPP_set=
ac_cv_env_CPP_value=
ac_cv_env_CXXFLAGS_set=
ac_cv_env_CXXFLAGS_value=
ac_cv_env_CXX_set=
ac_cv_env_CXX_value=
ac_cv_env_LDFLAGS_set=
ac_cv_env_LDFLAGS_value=
ac_cv_env_build_alias_set=
ac_cv_env_build_alias_value=
ac_cv_env_host_alias_set=
ac_cv_env_host_alias_value=
ac_cv_env_target_alias_set=
ac_cv_env_target_alias_value=
ac_cv_exeext=
ac_cv_func_floor=no
ac_cv_func_memset=yes
ac_cv_func_sqrt=no
ac_cv_func_xdr_hyper=yes
ac_cv_header_endian_h=yes
ac_cv_header_inttypes_h=yes
ac_cv_header_machine_endian_h=no
ac_cv_header_memory_h=yes
ac_cv_header_stdbool_h=yes
ac_cv_header_stdc=yes
ac_cv_header_stdint_h=yes
ac_cv_header_stdlib_h=yes
ac_cv_header_string_h=yes
ac_cv_header_strings_h=yes
ac_cv_header_sys_bitypes_h=yes
ac_cv_header_sys_stat_h=yes
ac_cv_header_sys_types_h=yes
ac_cv_header_unistd_h=yes
ac_cv_objext=o
ac_cv_prog_CPP='gcc -E'
ac_cv_prog_ac_ct_AR=ar
ac_cv_prog_ac_ct_CC=gcc
ac_cv_prog_ac_ct_CXX=g++
ac_cv_prog_cc_g=yes
ac_cv_prog_cc_stdc=
ac_cv_prog_cxx_g=yes
ac_cv_prog_egrep='grep -E'
ac_cv_type__Bool=yes
ac_cv_type_size_t=yes
ac_cv_type_u_int64_t=yes
ac_cv_type_u_quad_t=yes

## ----------------- ##
## Output variables. ##
## ----------------- ##

AR='ar'
CC='gcc'
CFLAGS='-g -O2'
CPP='gcc -E'
CPPFLAGS=''
CXX='g++'
CXXFLAGS='-g -O2'
DEFS='-DHAVE_CONFIG_H'
ECHO_C=''
ECHO_N='-n'
ECHO_T=''
EGREP='grep -E'
EXEEXT=''
FLAG_BIGKEYS=''
LDFLAGS=''
LIBOBJS=''
LIBS=''
LTLIBOBJS=''
OBJEXT='o'
PACKAGE_BUGREPORT='BUG-REPORT-ADDRESS'
PACKAGE_NAME='FULL-PACKAGE-NAME'
PACKAGE_STRING='FULL-PACKAGE-NAME VERSION'
PACKAGE_TARNAME='full-package-name'
PACKAGE_VERSION='VERSION'
PATH_SEPARATOR=':'
SHELL='/bin/sh'
ac_ct_AR='ar'
ac_ct_CC='gcc'
ac_ct_CXX='g++'
bindir='${exec_prefix}/bin'
build_alias=''
datadir='${prefix}/share'
exec_prefix='${prefix}'
host_alias=''
includedir='${prefix}/include'
infodir='${prefix}/info'
libdir='${exec_prefix}/lib'
libexecdir='${exec_prefix}/libexec'
localstatedir='${prefix}/var'
mandir='${prefix}/man'
oldincludedir='/usr/include'
prefix='/usr/local'
program_transform_name='s,x,x,'
sbindir='${exec_prefix}/sbin'
sharedstatedir='${prefix}/com'
sysconfdir='${prefix}/etc'
target_alias=''

## ----------- ##
## confdefs.h. ##
## ----------- ##

#define HAVE_ENDIAN_H 1
#define HAVE_INTTYPES_H 1
#define HAVE_MEMORY_H 1
#define HAVE_MEMSET 1
#define HAVE_STDBOOL_H 1
#define HAVE_STDINT_H 1
#define HAVE_STDINT_H 1
#define HAVE_STDLIB_H 1
#define HAVE_STRINGS_H 1
#define HAVE_STRING_H 1
#define HAVE_SYS_BITYPES_H 1
#define HAVE_SYS_STAT_H 1
#define HAVE_SYS_TYPES_H 1
#define HAVE_UNISTD_H 1
#define HAVE_U_INT64_T 1
#define HAVE_U_QUAD_T 1
#define HAVE_XDR_HYPER 1
#define HAVE__BOOL 1
#define PACKAGE_BUGREPORT "BUG-REPORT-ADDRESS"
#define PACKAGE_NAME "FULL-PACKAGE-NAME"
#define PACKAGE_STRING "FULL-PACKAGE-NAME VERSION"
#define PACKAGE_TARNAME "full-package-name"
#define PACKAGE_VERSION "VERSION"
#define STDC_HEADERS 1
#define STDC_HEADERS 1
#endif
#ifdef __cplusplus
extern "C" void exit (int) throw ();

configure: exit 0
